{"/Users/segodnya/Desktop/pets/todo-express-htmx/backend/src/__tests__/utils/testHelpers.ts": {"path":"/Users/segodnya/Desktop/pets/todo-express-htmx/backend/src/__tests__/utils/testHelpers.ts","statementMap":{"0":{"start":{"line":26,"column":33},"end":{"line":80,"column":1}},"1":{"start":{"line":34,"column":32},"end":{"line":38,"column":4}},"2":{"start":{"line":41,"column":37},"end":{"line":72,"column":4}},"3":{"start":{"line":52,"column":6},"end":{"line":52,"column":23}},"4":{"start":{"line":52,"column":14},"end":{"line":52,"column":23}},"5":{"start":{"line":53,"column":6},"end":{"line":53,"column":32}},"6":{"start":{"line":56,"column":6},"end":{"line":56,"column":23}},"7":{"start":{"line":56,"column":14},"end":{"line":56,"column":23}},"8":{"start":{"line":57,"column":6},"end":{"line":57,"column":32}},"9":{"start":{"line":60,"column":6},"end":{"line":60,"column":23}},"10":{"start":{"line":60,"column":14},"end":{"line":60,"column":23}},"11":{"start":{"line":61,"column":6},"end":{"line":61,"column":32}},"12":{"start":{"line":64,"column":6},"end":{"line":64,"column":23}},"13":{"start":{"line":64,"column":14},"end":{"line":64,"column":23}},"14":{"start":{"line":65,"column":6},"end":{"line":65,"column":32}},"15":{"start":{"line":68,"column":6},"end":{"line":68,"column":23}},"16":{"start":{"line":68,"column":14},"end":{"line":68,"column":23}},"17":{"start":{"line":69,"column":6},"end":{"line":69,"column":32}},"18":{"start":{"line":74,"column":2},"end":{"line":79,"column":4}},"19":{"start":{"line":26,"column":13},"end":{"line":26,"column":33}},"20":{"start":{"line":85,"column":34},"end":{"line":95,"column":1}},"21":{"start":{"line":86,"column":33},"end":{"line":86,"column":35}},"22":{"start":{"line":88,"column":2},"end":{"line":88,"column":46}},"23":{"start":{"line":89,"column":2},"end":{"line":89,"column":44}},"24":{"start":{"line":90,"column":2},"end":{"line":90,"column":44}},"25":{"start":{"line":91,"column":2},"end":{"line":91,"column":46}},"26":{"start":{"line":92,"column":2},"end":{"line":92,"column":48}},"27":{"start":{"line":94,"column":2},"end":{"line":94,"column":13}},"28":{"start":{"line":85,"column":13},"end":{"line":85,"column":34}},"29":{"start":{"line":100,"column":31},"end":{"line":102,"column":1}},"30":{"start":{"line":101,"column":2},"end":{"line":101,"column":41}},"31":{"start":{"line":100,"column":13},"end":{"line":100,"column":31}},"32":{"start":{"line":107,"column":28},"end":{"line":109,"column":1}},"33":{"start":{"line":108,"column":2},"end":{"line":108,"column":57}},"34":{"start":{"line":107,"column":13},"end":{"line":107,"column":28}},"35":{"start":{"line":114,"column":27},"end":{"line":116,"column":1}},"36":{"start":{"line":115,"column":2},"end":{"line":115,"column":46}},"37":{"start":{"line":114,"column":13},"end":{"line":114,"column":27}}},"fnMap":{"0":{"name":"(anonymous_0)","decl":{"start":{"line":26,"column":33},"end":{"line":26,"column":null}},"loc":{"start":{"line":33,"column":35},"end":{"line":80,"column":1}}},"1":{"name":"(anonymous_1)","decl":{"start":{"line":51,"column":18},"end":{"line":51,"column":19}},"loc":{"start":{"line":51,"column":47},"end":{"line":54,"column":5}}},"2":{"name":"(anonymous_2)","decl":{"start":{"line":55,"column":21},"end":{"line":55,"column":22}},"loc":{"start":{"line":55,"column":50},"end":{"line":58,"column":5}}},"3":{"name":"(anonymous_3)","decl":{"start":{"line":59,"column":24},"end":{"line":59,"column":25}},"loc":{"start":{"line":59,"column":53},"end":{"line":62,"column":5}}},"4":{"name":"(anonymous_4)","decl":{"start":{"line":63,"column":20},"end":{"line":63,"column":21}},"loc":{"start":{"line":63,"column":49},"end":{"line":66,"column":5}}},"5":{"name":"(anonymous_5)","decl":{"start":{"line":67,"column":19},"end":{"line":67,"column":20}},"loc":{"start":{"line":67,"column":48},"end":{"line":70,"column":5}}},"6":{"name":"(anonymous_6)","decl":{"start":{"line":85,"column":34},"end":{"line":85,"column":56}},"loc":{"start":{"line":85,"column":58},"end":{"line":95,"column":1}}},"7":{"name":"(anonymous_7)","decl":{"start":{"line":100,"column":31},"end":{"line":100,"column":32}},"loc":{"start":{"line":100,"column":77},"end":{"line":102,"column":1}}},"8":{"name":"(anonymous_8)","decl":{"start":{"line":107,"column":28},"end":{"line":107,"column":39}},"loc":{"start":{"line":107,"column":41},"end":{"line":109,"column":1}}},"9":{"name":"(anonymous_9)","decl":{"start":{"line":114,"column":27},"end":{"line":114,"column":31}},"loc":{"start":{"line":114,"column":70},"end":{"line":116,"column":1}}}},"branchMap":{"0":{"loc":{"start":{"line":27,"column":2},"end":{"line":32,"column":8}},"type":"default-arg","locations":[{"start":{"line":32,"column":6},"end":{"line":32,"column":8}}]},"1":{"loc":{"start":{"line":42,"column":10},"end":{"line":42,"column":37}},"type":"binary-expr","locations":[{"start":{"line":42,"column":10},"end":{"line":42,"column":22}},{"start":{"line":42,"column":26},"end":{"line":42,"column":37}}]},"2":{"loc":{"start":{"line":52,"column":6},"end":{"line":52,"column":23}},"type":"if","locations":[{"start":{"line":52,"column":6},"end":{"line":52,"column":23}}]},"3":{"loc":{"start":{"line":56,"column":6},"end":{"line":56,"column":23}},"type":"if","locations":[{"start":{"line":56,"column":6},"end":{"line":56,"column":23}}]},"4":{"loc":{"start":{"line":60,"column":6},"end":{"line":60,"column":23}},"type":"if","locations":[{"start":{"line":60,"column":6},"end":{"line":60,"column":23}}]},"5":{"loc":{"start":{"line":64,"column":6},"end":{"line":64,"column":23}},"type":"if","locations":[{"start":{"line":64,"column":6},"end":{"line":64,"column":23}}]},"6":{"loc":{"start":{"line":68,"column":6},"end":{"line":68,"column":23}},"type":"if","locations":[{"start":{"line":68,"column":6},"end":{"line":68,"column":23}}]},"7":{"loc":{"start":{"line":75,"column":12},"end":{"line":75,"column":32}},"type":"binary-expr","locations":[{"start":{"line":75,"column":12},"end":{"line":75,"column":26}},{"start":{"line":75,"column":30},"end":{"line":75,"column":32}}]},"8":{"loc":{"start":{"line":76,"column":10},"end":{"line":76,"column":28}},"type":"binary-expr","locations":[{"start":{"line":76,"column":10},"end":{"line":76,"column":22}},{"start":{"line":76,"column":26},"end":{"line":76,"column":28}}]},"9":{"loc":{"start":{"line":77,"column":11},"end":{"line":77,"column":30}},"type":"binary-expr","locations":[{"start":{"line":77,"column":11},"end":{"line":77,"column":24}},{"start":{"line":77,"column":28},"end":{"line":77,"column":30}}]},"10":{"loc":{"start":{"line":101,"column":9},"end":{"line":101,"column":26}},"type":"cond-expr","locations":[{"start":{"line":101,"column":20},"end":{"line":101,"column":22}},{"start":{"line":101,"column":20},"end":{"line":101,"column":26}}]},"11":{"loc":{"start":{"line":101,"column":9},"end":{"line":101,"column":22}},"type":"binary-expr","locations":[{"start":{"line":101,"column":9},"end":{"line":101,"column":22}},{"start":{"line":101,"column":20},"end":{"line":101,"column":22}}]},"12":{"loc":{"start":{"line":114,"column":50},"end":{"line":114,"column":63}},"type":"default-arg","locations":[{"start":{"line":114,"column":62},"end":{"line":114,"column":63}}]}},"s":{"0":2,"1":2,"2":2,"3":0,"4":0,"5":0,"6":0,"7":0,"8":0,"9":0,"10":0,"11":0,"12":0,"13":0,"14":0,"15":0,"16":0,"17":0,"18":2,"19":2,"20":2,"21":2,"22":2,"23":2,"24":2,"25":2,"26":2,"27":2,"28":2,"29":2,"30":0,"31":2,"32":2,"33":28,"34":2,"35":2,"36":0,"37":2},"f":{"0":2,"1":0,"2":0,"3":0,"4":0,"5":0,"6":2,"7":0,"8":28,"9":0},"b":{"0":[0],"1":[2,0],"2":[0],"3":[0],"4":[0],"5":[0],"6":[0],"7":[2,2],"8":[2,1],"9":[2,2],"10":[0,0],"11":[0,0],"12":[0]}}
,"/Users/segodnya/Desktop/pets/todo-express-htmx/backend/src/controllers/auth.controller.ts": {"path":"/Users/segodnya/Desktop/pets/todo-express-htmx/backend/src/controllers/auth.controller.ts","statementMap":{"0":{"start":{"line":2,"column":0},"end":{"line":2,"column":51}},"1":{"start":{"line":8,"column":4},"end":{"line":8,"column":12}},"2":{"start":{"line":7,"column":22},"end":{"line":7,"column":46}},"3":{"start":{"line":12,"column":2},"end":{"line":20,"column":4}},"4":{"start":{"line":12,"column":55},"end":{"line":20,"column":4}},"5":{"start":{"line":13,"column":4},"end":{"line":15,"column":5}},"6":{"start":{"line":14,"column":6},"end":{"line":14,"column":36}},"7":{"start":{"line":16,"column":4},"end":{"line":19,"column":7}},"8":{"start":{"line":23,"column":2},"end":{"line":31,"column":4}},"9":{"start":{"line":23,"column":55},"end":{"line":31,"column":4}},"10":{"start":{"line":24,"column":4},"end":{"line":26,"column":5}},"11":{"start":{"line":25,"column":6},"end":{"line":25,"column":36}},"12":{"start":{"line":27,"column":4},"end":{"line":30,"column":7}},"13":{"start":{"line":34,"column":2},"end":{"line":59,"column":4}},"14":{"start":{"line":34,"column":49},"end":{"line":59,"column":4}},"15":{"start":{"line":35,"column":4},"end":{"line":58,"column":7}},"16":{"start":{"line":35,"column":50},"end":{"line":58,"column":6}},"17":{"start":{"line":36,"column":34},"end":{"line":36,"column":42}},"18":{"start":{"line":39,"column":6},"end":{"line":41,"column":7}},"19":{"start":{"line":40,"column":8},"end":{"line":40,"column":82}},"20":{"start":{"line":43,"column":40},"end":{"line":43,"column":59}},"21":{"start":{"line":44,"column":19},"end":{"line":44,"column":64}},"22":{"start":{"line":46,"column":6},"end":{"line":48,"column":7}},"23":{"start":{"line":47,"column":8},"end":{"line":47,"column":70}},"24":{"start":{"line":51,"column":6},"end":{"line":55,"column":8}},"25":{"start":{"line":57,"column":6},"end":{"line":57,"column":39}},"26":{"start":{"line":62,"column":2},"end":{"line":94,"column":4}},"27":{"start":{"line":62,"column":49},"end":{"line":94,"column":4}},"28":{"start":{"line":63,"column":4},"end":{"line":93,"column":7}},"29":{"start":{"line":63,"column":50},"end":{"line":93,"column":6}},"30":{"start":{"line":64,"column":57},"end":{"line":64,"column":65}},"31":{"start":{"line":67,"column":6},"end":{"line":69,"column":7}},"32":{"start":{"line":68,"column":8},"end":{"line":68,"column":74}},"33":{"start":{"line":71,"column":6},"end":{"line":73,"column":7}},"34":{"start":{"line":72,"column":8},"end":{"line":72,"column":73}},"35":{"start":{"line":75,"column":6},"end":{"line":92,"column":7}},"36":{"start":{"line":76,"column":40},"end":{"line":76,"column":65}},"37":{"start":{"line":77,"column":21},"end":{"line":77,"column":66}},"38":{"start":{"line":80,"column":8},"end":{"line":84,"column":10}},"39":{"start":{"line":86,"column":8},"end":{"line":86,"column":41}},"40":{"start":{"line":88,"column":8},"end":{"line":90,"column":9}},"41":{"start":{"line":89,"column":10},"end":{"line":89,"column":64}},"42":{"start":{"line":91,"column":8},"end":{"line":91,"column":20}},"43":{"start":{"line":97,"column":2},"end":{"line":104,"column":4}},"44":{"start":{"line":97,"column":50},"end":{"line":104,"column":4}},"45":{"start":{"line":98,"column":4},"end":{"line":103,"column":7}},"46":{"start":{"line":99,"column":6},"end":{"line":101,"column":7}},"47":{"start":{"line":100,"column":8},"end":{"line":100,"column":56}},"48":{"start":{"line":102,"column":6},"end":{"line":102,"column":35}},"49":{"start":{"line":6,"column":0},"end":{"line":6,"column":13}}},"fnMap":{"0":{"name":"(anonymous_7)","decl":{"start":{"line":7,"column":2},"end":{"line":7,"column":22}},"loc":{"start":{"line":7,"column":46},"end":{"line":9,"column":3}}},"1":{"name":"(anonymous_8)","decl":{"start":{"line":12,"column":17},"end":{"line":12,"column":24}},"loc":{"start":{"line":12,"column":55},"end":{"line":20,"column":4}}},"2":{"name":"(anonymous_9)","decl":{"start":{"line":12,"column":55},"end":{"line":12,"column":null}},"loc":{"start":{"line":12,"column":55},"end":{"line":20,"column":3}}},"3":{"name":"(anonymous_10)","decl":{"start":{"line":23,"column":17},"end":{"line":23,"column":24}},"loc":{"start":{"line":23,"column":55},"end":{"line":31,"column":4}}},"4":{"name":"(anonymous_11)","decl":{"start":{"line":23,"column":55},"end":{"line":23,"column":null}},"loc":{"start":{"line":23,"column":55},"end":{"line":31,"column":3}}},"5":{"name":"(anonymous_12)","decl":{"start":{"line":34,"column":11},"end":{"line":34,"column":18}},"loc":{"start":{"line":34,"column":49},"end":{"line":59,"column":4}}},"6":{"name":"(anonymous_13)","decl":{"start":{"line":34,"column":49},"end":{"line":34,"column":null}},"loc":{"start":{"line":34,"column":49},"end":{"line":59,"column":3}}},"7":{"name":"(anonymous_14)","decl":{"start":{"line":35,"column":39},"end":{"line":35,"column":48}},"loc":{"start":{"line":35,"column":50},"end":{"line":58,"column":6}}},"8":{"name":"(anonymous_15)","decl":{"start":{"line":35,"column":50},"end":{"line":35,"column":null}},"loc":{"start":{"line":35,"column":50},"end":{"line":58,"column":5}}},"9":{"name":"(anonymous_16)","decl":{"start":{"line":62,"column":11},"end":{"line":62,"column":18}},"loc":{"start":{"line":62,"column":49},"end":{"line":94,"column":4}}},"10":{"name":"(anonymous_17)","decl":{"start":{"line":62,"column":49},"end":{"line":62,"column":null}},"loc":{"start":{"line":62,"column":49},"end":{"line":94,"column":3}}},"11":{"name":"(anonymous_18)","decl":{"start":{"line":63,"column":39},"end":{"line":63,"column":48}},"loc":{"start":{"line":63,"column":50},"end":{"line":93,"column":6}}},"12":{"name":"(anonymous_19)","decl":{"start":{"line":63,"column":50},"end":{"line":63,"column":null}},"loc":{"start":{"line":63,"column":50},"end":{"line":93,"column":5}}},"13":{"name":"(anonymous_20)","decl":{"start":{"line":97,"column":12},"end":{"line":97,"column":19}},"loc":{"start":{"line":97,"column":50},"end":{"line":104,"column":4}}},"14":{"name":"(anonymous_21)","decl":{"start":{"line":97,"column":50},"end":{"line":97,"column":null}},"loc":{"start":{"line":97,"column":50},"end":{"line":104,"column":3}}},"15":{"name":"(anonymous_22)","decl":{"start":{"line":98,"column":24},"end":{"line":98,"column":25}},"loc":{"start":{"line":98,"column":32},"end":{"line":103,"column":5}}}},"branchMap":{"0":{"loc":{"start":{"line":13,"column":4},"end":{"line":15,"column":5}},"type":"if","locations":[{"start":{"line":13,"column":4},"end":{"line":15,"column":5}}]},"1":{"loc":{"start":{"line":24,"column":4},"end":{"line":26,"column":5}},"type":"if","locations":[{"start":{"line":24,"column":4},"end":{"line":26,"column":5}}]},"2":{"loc":{"start":{"line":39,"column":6},"end":{"line":41,"column":7}},"type":"if","locations":[{"start":{"line":39,"column":6},"end":{"line":41,"column":7}}]},"3":{"loc":{"start":{"line":39,"column":10},"end":{"line":39,"column":29}},"type":"binary-expr","locations":[{"start":{"line":39,"column":10},"end":{"line":39,"column":16}},{"start":{"line":39,"column":20},"end":{"line":39,"column":29}}]},"4":{"loc":{"start":{"line":46,"column":6},"end":{"line":48,"column":7}},"type":"if","locations":[{"start":{"line":46,"column":6},"end":{"line":48,"column":7}}]},"5":{"loc":{"start":{"line":67,"column":6},"end":{"line":69,"column":7}},"type":"if","locations":[{"start":{"line":67,"column":6},"end":{"line":69,"column":7}}]},"6":{"loc":{"start":{"line":67,"column":10},"end":{"line":67,"column":38}},"type":"binary-expr","locations":[{"start":{"line":67,"column":10},"end":{"line":67,"column":15}},{"start":{"line":67,"column":19},"end":{"line":67,"column":25}},{"start":{"line":67,"column":29},"end":{"line":67,"column":38}}]},"7":{"loc":{"start":{"line":71,"column":6},"end":{"line":73,"column":7}},"type":"if","locations":[{"start":{"line":71,"column":6},"end":{"line":73,"column":7}}]},"8":{"loc":{"start":{"line":88,"column":8},"end":{"line":90,"column":9}},"type":"if","locations":[{"start":{"line":88,"column":8},"end":{"line":90,"column":9}}]},"9":{"loc":{"start":{"line":99,"column":6},"end":{"line":101,"column":7}},"type":"if","locations":[{"start":{"line":99,"column":6},"end":{"line":101,"column":7}}]}},"s":{"0":1,"1":0,"2":0,"3":0,"4":0,"5":0,"6":0,"7":0,"8":0,"9":0,"10":0,"11":0,"12":0,"13":0,"14":0,"15":0,"16":0,"17":0,"18":0,"19":0,"20":0,"21":0,"22":0,"23":0,"24":0,"25":0,"26":0,"27":0,"28":0,"29":0,"30":0,"31":0,"32":0,"33":0,"34":0,"35":0,"36":0,"37":0,"38":0,"39":0,"40":0,"41":0,"42":0,"43":0,"44":0,"45":0,"46":0,"47":0,"48":0,"49":1},"f":{"0":0,"1":0,"2":0,"3":0,"4":0,"5":0,"6":0,"7":0,"8":0,"9":0,"10":0,"11":0,"12":0,"13":0,"14":0,"15":0},"b":{"0":[0],"1":[0],"2":[0],"3":[0,0],"4":[0],"5":[0],"6":[0,0,0],"7":[0],"8":[0],"9":[0]}}
,"/Users/segodnya/Desktop/pets/todo-express-htmx/backend/src/controllers/base.controller.ts": {"path":"/Users/segodnya/Desktop/pets/todo-express-htmx/backend/src/controllers/base.controller.ts","statementMap":{"0":{"start":{"line":2,"column":0},"end":{"line":2,"column":55}},"1":{"start":{"line":10,"column":4},"end":{"line":19,"column":5}},"2":{"start":{"line":11,"column":6},"end":{"line":11,"column":22}},"3":{"start":{"line":13,"column":6},"end":{"line":13,"column":45}},"4":{"start":{"line":14,"column":6},"end":{"line":18,"column":7}},"5":{"start":{"line":15,"column":8},"end":{"line":15,"column":45}},"6":{"start":{"line":17,"column":8},"end":{"line":17,"column":62}},"7":{"start":{"line":23,"column":4},"end":{"line":23,"column":54}},"8":{"start":{"line":27,"column":4},"end":{"line":27,"column":40}},"9":{"start":{"line":31,"column":4},"end":{"line":31,"column":40}},"10":{"start":{"line":35,"column":4},"end":{"line":35,"column":40}},"11":{"start":{"line":39,"column":4},"end":{"line":39,"column":48}},"12":{"start":{"line":43,"column":4},"end":{"line":43,"column":45}},"13":{"start":{"line":4,"column":0},"end":{"line":4,"column":22}}},"fnMap":{"0":{"name":"(anonymous_7)","decl":{"start":{"line":5,"column":18},"end":{"line":5,"column":31}},"loc":{"start":{"line":8,"column":32},"end":{"line":20,"column":null}}},"1":{"name":"(anonymous_9)","decl":{"start":{"line":22,"column":12},"end":{"line":22,"column":23}},"loc":{"start":{"line":22,"column":68},"end":{"line":24,"column":3}}},"2":{"name":"(anonymous_10)","decl":{"start":{"line":26,"column":12},"end":{"line":26,"column":27}},"loc":{"start":{"line":26,"column":58},"end":{"line":28,"column":3}}},"3":{"name":"(anonymous_11)","decl":{"start":{"line":30,"column":12},"end":{"line":30,"column":33}},"loc":{"start":{"line":30,"column":64},"end":{"line":32,"column":3}}},"4":{"name":"(anonymous_12)","decl":{"start":{"line":34,"column":12},"end":{"line":34,"column":31}},"loc":{"start":{"line":34,"column":62},"end":{"line":36,"column":3}}},"5":{"name":"(anonymous_13)","decl":{"start":{"line":38,"column":12},"end":{"line":38,"column":23}},"loc":{"start":{"line":38,"column":54},"end":{"line":40,"column":3}}},"6":{"name":"(anonymous_14)","decl":{"start":{"line":42,"column":12},"end":{"line":42,"column":24}},"loc":{"start":{"line":42,"column":51},"end":{"line":44,"column":3}}}},"branchMap":{"0":{"loc":{"start":{"line":14,"column":6},"end":{"line":18,"column":7}},"type":"if","locations":[{"start":{"line":14,"column":6},"end":{"line":18,"column":7}},{"start":{"line":16,"column":13},"end":{"line":18,"column":7}}]},"1":{"loc":{"start":{"line":22,"column":56},"end":{"line":22,"column":68}},"type":"default-arg","locations":[{"start":{"line":22,"column":65},"end":{"line":22,"column":68}}]}},"s":{"0":1,"1":2,"2":2,"3":2,"4":2,"5":2,"6":0,"7":2,"8":0,"9":0,"10":0,"11":0,"12":0,"13":1},"f":{"0":2,"1":2,"2":0,"3":0,"4":0,"5":0,"6":0},"b":{"0":[2,0],"1":[2]}}
,"/Users/segodnya/Desktop/pets/todo-express-htmx/backend/src/controllers/index.ts": {"path":"/Users/segodnya/Desktop/pets/todo-express-htmx/backend/src/controllers/index.ts","statementMap":{"0":{"start":{"line":1,"column":0},"end":{"line":1,"column":34}},"1":{"start":{"line":2,"column":0},"end":{"line":2,"column":34}},"2":{"start":{"line":3,"column":0},"end":{"line":3,"column":34}}},"fnMap":{},"branchMap":{},"s":{"0":1,"1":1,"2":1},"f":{},"b":{}}
,"/Users/segodnya/Desktop/pets/todo-express-htmx/backend/src/controllers/todo.controller.ts": {"path":"/Users/segodnya/Desktop/pets/todo-express-htmx/backend/src/controllers/todo.controller.ts","statementMap":{"0":{"start":{"line":2,"column":0},"end":{"line":2,"column":51}},"1":{"start":{"line":8,"column":4},"end":{"line":8,"column":12}},"2":{"start":{"line":7,"column":22},"end":{"line":7,"column":46}},"3":{"start":{"line":11,"column":2},"end":{"line":20,"column":4}},"4":{"start":{"line":11,"column":55},"end":{"line":20,"column":4}},"5":{"start":{"line":12,"column":4},"end":{"line":19,"column":7}},"6":{"start":{"line":12,"column":50},"end":{"line":19,"column":6}},"7":{"start":{"line":13,"column":23},"end":{"line":13,"column":50}},"8":{"start":{"line":14,"column":20},"end":{"line":14,"column":75}},"9":{"start":{"line":15,"column":6},"end":{"line":18,"column":9}},"10":{"start":{"line":22,"column":2},"end":{"line":40,"column":4}},"11":{"start":{"line":22,"column":54},"end":{"line":40,"column":4}},"12":{"start":{"line":23,"column":4},"end":{"line":39,"column":7}},"13":{"start":{"line":23,"column":50},"end":{"line":39,"column":6}},"14":{"start":{"line":24,"column":23},"end":{"line":24,"column":31}},"15":{"start":{"line":25,"column":23},"end":{"line":25,"column":50}},"16":{"start":{"line":27,"column":6},"end":{"line":29,"column":7}},"17":{"start":{"line":28,"column":8},"end":{"line":28,"column":68}},"18":{"start":{"line":31,"column":38},"end":{"line":35,"column":8}},"19":{"start":{"line":37,"column":19},"end":{"line":37,"column":62}},"20":{"start":{"line":38,"column":6},"end":{"line":38,"column":64}},"21":{"start":{"line":42,"column":2},"end":{"line":56,"column":4}},"22":{"start":{"line":42,"column":54},"end":{"line":56,"column":4}},"23":{"start":{"line":43,"column":4},"end":{"line":55,"column":7}},"24":{"start":{"line":43,"column":50},"end":{"line":55,"column":6}},"25":{"start":{"line":44,"column":21},"end":{"line":44,"column":31}},"26":{"start":{"line":45,"column":37},"end":{"line":45,"column":45}},"27":{"start":{"line":46,"column":23},"end":{"line":46,"column":50}},"28":{"start":{"line":48,"column":19},"end":{"line":48,"column":78}},"29":{"start":{"line":50,"column":6},"end":{"line":52,"column":7}},"30":{"start":{"line":51,"column":8},"end":{"line":51,"column":63}},"31":{"start":{"line":54,"column":6},"end":{"line":54,"column":64}},"32":{"start":{"line":58,"column":2},"end":{"line":71,"column":4}},"33":{"start":{"line":58,"column":54},"end":{"line":71,"column":4}},"34":{"start":{"line":59,"column":4},"end":{"line":70,"column":7}},"35":{"start":{"line":59,"column":50},"end":{"line":70,"column":6}},"36":{"start":{"line":60,"column":21},"end":{"line":60,"column":31}},"37":{"start":{"line":61,"column":23},"end":{"line":61,"column":50}},"38":{"start":{"line":63,"column":19},"end":{"line":63,"column":79}},"39":{"start":{"line":65,"column":6},"end":{"line":67,"column":7}},"40":{"start":{"line":66,"column":8},"end":{"line":66,"column":63}},"41":{"start":{"line":69,"column":6},"end":{"line":69,"column":64}},"42":{"start":{"line":73,"column":2},"end":{"line":85,"column":4}},"43":{"start":{"line":73,"column":54},"end":{"line":85,"column":4}},"44":{"start":{"line":74,"column":4},"end":{"line":84,"column":7}},"45":{"start":{"line":74,"column":50},"end":{"line":84,"column":6}},"46":{"start":{"line":75,"column":21},"end":{"line":75,"column":31}},"47":{"start":{"line":76,"column":23},"end":{"line":76,"column":50}},"48":{"start":{"line":77,"column":22},"end":{"line":77,"column":72}},"49":{"start":{"line":79,"column":6},"end":{"line":81,"column":7}},"50":{"start":{"line":80,"column":8},"end":{"line":80,"column":63}},"51":{"start":{"line":83,"column":6},"end":{"line":83,"column":19}},"52":{"start":{"line":6,"column":0},"end":{"line":6,"column":13}}},"fnMap":{"0":{"name":"(anonymous_7)","decl":{"start":{"line":7,"column":2},"end":{"line":7,"column":22}},"loc":{"start":{"line":7,"column":46},"end":{"line":9,"column":3}}},"1":{"name":"(anonymous_8)","decl":{"start":{"line":11,"column":36},"end":{"line":11,"column":43}},"loc":{"start":{"line":11,"column":55},"end":{"line":20,"column":4}}},"2":{"name":"(anonymous_9)","decl":{"start":{"line":11,"column":55},"end":{"line":11,"column":null}},"loc":{"start":{"line":11,"column":55},"end":{"line":20,"column":3}}},"3":{"name":"(anonymous_10)","decl":{"start":{"line":12,"column":39},"end":{"line":12,"column":48}},"loc":{"start":{"line":12,"column":50},"end":{"line":19,"column":6}}},"4":{"name":"(anonymous_11)","decl":{"start":{"line":12,"column":50},"end":{"line":12,"column":null}},"loc":{"start":{"line":12,"column":50},"end":{"line":19,"column":5}}},"5":{"name":"(anonymous_12)","decl":{"start":{"line":22,"column":35},"end":{"line":22,"column":42}},"loc":{"start":{"line":22,"column":54},"end":{"line":40,"column":4}}},"6":{"name":"(anonymous_13)","decl":{"start":{"line":22,"column":54},"end":{"line":22,"column":null}},"loc":{"start":{"line":22,"column":54},"end":{"line":40,"column":3}}},"7":{"name":"(anonymous_14)","decl":{"start":{"line":23,"column":39},"end":{"line":23,"column":48}},"loc":{"start":{"line":23,"column":50},"end":{"line":39,"column":6}}},"8":{"name":"(anonymous_15)","decl":{"start":{"line":23,"column":50},"end":{"line":23,"column":null}},"loc":{"start":{"line":23,"column":50},"end":{"line":39,"column":5}}},"9":{"name":"(anonymous_16)","decl":{"start":{"line":42,"column":35},"end":{"line":42,"column":42}},"loc":{"start":{"line":42,"column":54},"end":{"line":56,"column":4}}},"10":{"name":"(anonymous_17)","decl":{"start":{"line":42,"column":54},"end":{"line":42,"column":null}},"loc":{"start":{"line":42,"column":54},"end":{"line":56,"column":3}}},"11":{"name":"(anonymous_18)","decl":{"start":{"line":43,"column":39},"end":{"line":43,"column":48}},"loc":{"start":{"line":43,"column":50},"end":{"line":55,"column":6}}},"12":{"name":"(anonymous_19)","decl":{"start":{"line":43,"column":50},"end":{"line":43,"column":null}},"loc":{"start":{"line":43,"column":50},"end":{"line":55,"column":5}}},"13":{"name":"(anonymous_20)","decl":{"start":{"line":58,"column":35},"end":{"line":58,"column":42}},"loc":{"start":{"line":58,"column":54},"end":{"line":71,"column":4}}},"14":{"name":"(anonymous_21)","decl":{"start":{"line":58,"column":54},"end":{"line":58,"column":null}},"loc":{"start":{"line":58,"column":54},"end":{"line":71,"column":3}}},"15":{"name":"(anonymous_22)","decl":{"start":{"line":59,"column":39},"end":{"line":59,"column":48}},"loc":{"start":{"line":59,"column":50},"end":{"line":70,"column":6}}},"16":{"name":"(anonymous_23)","decl":{"start":{"line":59,"column":50},"end":{"line":59,"column":null}},"loc":{"start":{"line":59,"column":50},"end":{"line":70,"column":5}}},"17":{"name":"(anonymous_24)","decl":{"start":{"line":73,"column":35},"end":{"line":73,"column":42}},"loc":{"start":{"line":73,"column":54},"end":{"line":85,"column":4}}},"18":{"name":"(anonymous_25)","decl":{"start":{"line":73,"column":54},"end":{"line":73,"column":null}},"loc":{"start":{"line":73,"column":54},"end":{"line":85,"column":3}}},"19":{"name":"(anonymous_26)","decl":{"start":{"line":74,"column":39},"end":{"line":74,"column":48}},"loc":{"start":{"line":74,"column":50},"end":{"line":84,"column":6}}},"20":{"name":"(anonymous_27)","decl":{"start":{"line":74,"column":50},"end":{"line":74,"column":null}},"loc":{"start":{"line":74,"column":50},"end":{"line":84,"column":5}}}},"branchMap":{"0":{"loc":{"start":{"line":27,"column":6},"end":{"line":29,"column":7}},"type":"if","locations":[{"start":{"line":27,"column":6},"end":{"line":29,"column":7}}]},"1":{"loc":{"start":{"line":50,"column":6},"end":{"line":52,"column":7}},"type":"if","locations":[{"start":{"line":50,"column":6},"end":{"line":52,"column":7}}]},"2":{"loc":{"start":{"line":65,"column":6},"end":{"line":67,"column":7}},"type":"if","locations":[{"start":{"line":65,"column":6},"end":{"line":67,"column":7}}]},"3":{"loc":{"start":{"line":79,"column":6},"end":{"line":81,"column":7}},"type":"if","locations":[{"start":{"line":79,"column":6},"end":{"line":81,"column":7}}]}},"s":{"0":1,"1":2,"2":2,"3":2,"4":1,"5":1,"6":1,"7":1,"8":1,"9":0,"10":2,"11":1,"12":1,"13":1,"14":1,"15":1,"16":1,"17":0,"18":1,"19":0,"20":0,"21":2,"22":0,"23":0,"24":0,"25":0,"26":0,"27":0,"28":0,"29":0,"30":0,"31":0,"32":2,"33":0,"34":0,"35":0,"36":0,"37":0,"38":0,"39":0,"40":0,"41":0,"42":2,"43":0,"44":0,"45":0,"46":0,"47":0,"48":0,"49":0,"50":0,"51":0,"52":1},"f":{"0":2,"1":1,"2":1,"3":1,"4":1,"5":1,"6":1,"7":1,"8":1,"9":0,"10":0,"11":0,"12":0,"13":0,"14":0,"15":0,"16":0,"17":0,"18":0,"19":0,"20":0},"b":{"0":[0],"1":[0],"2":[0],"3":[0]}}
,"/Users/segodnya/Desktop/pets/todo-express-htmx/backend/src/services/auth.service.ts": {"path":"/Users/segodnya/Desktop/pets/todo-express-htmx/backend/src/services/auth.service.ts","statementMap":{"0":{"start":{"line":5,"column":22},"end":{"line":5,"column":46}},"1":{"start":{"line":9,"column":25},"end":{"line":9,"column":75}},"2":{"start":{"line":10,"column":4},"end":{"line":12,"column":5}},"3":{"start":{"line":11,"column":6},"end":{"line":11,"column":61}},"4":{"start":{"line":15,"column":4},"end":{"line":15,"column":51}},"5":{"start":{"line":19,"column":4},"end":{"line":19,"column":58}},"6":{"start":{"line":4,"column":0},"end":{"line":4,"column":13}}},"fnMap":{"0":{"name":"(anonymous_7)","decl":{"start":{"line":5,"column":2},"end":{"line":5,"column":22}},"loc":{"start":{"line":5,"column":46},"end":{"line":5,"column":50}}},"1":{"name":"(anonymous_8)","decl":{"start":{"line":7,"column":8},"end":{"line":7,"column":20}},"loc":{"start":{"line":7,"column":44},"end":{"line":16,"column":null}}},"2":{"name":"(anonymous_10)","decl":{"start":{"line":18,"column":8},"end":{"line":18,"column":17}},"loc":{"start":{"line":18,"column":43},"end":{"line":20,"column":null}}}},"branchMap":{"0":{"loc":{"start":{"line":10,"column":4},"end":{"line":12,"column":5}},"type":"if","locations":[{"start":{"line":10,"column":4},"end":{"line":12,"column":5}}]}},"s":{"0":0,"1":0,"2":0,"3":0,"4":0,"5":0,"6":1},"f":{"0":0,"1":0,"2":0},"b":{"0":[0]}}
,"/Users/segodnya/Desktop/pets/todo-express-htmx/backend/src/services/base.service.ts": {"path":"/Users/segodnya/Desktop/pets/todo-express-htmx/backend/src/services/base.service.ts","statementMap":{"0":{"start":{"line":5,"column":24},"end":{"line":5,"column":54}},"1":{"start":{"line":8,"column":4},"end":{"line":8,"column":43}},"2":{"start":{"line":12,"column":4},"end":{"line":12,"column":40}},"3":{"start":{"line":16,"column":4},"end":{"line":16,"column":43}},"4":{"start":{"line":20,"column":4},"end":{"line":20,"column":40}},"5":{"start":{"line":24,"column":4},"end":{"line":24,"column":44}},"6":{"start":{"line":28,"column":4},"end":{"line":28,"column":38}},"7":{"start":{"line":4,"column":0},"end":{"line":4,"column":22}}},"fnMap":{"0":{"name":"(anonymous_7)","decl":{"start":{"line":5,"column":2},"end":{"line":5,"column":24}},"loc":{"start":{"line":5,"column":54},"end":{"line":5,"column":58}}},"1":{"name":"(anonymous_8)","decl":{"start":{"line":7,"column":8},"end":{"line":7,"column":15}},"loc":{"start":{"line":7,"column":35},"end":{"line":9,"column":null}}},"2":{"name":"(anonymous_10)","decl":{"start":{"line":11,"column":8},"end":{"line":11,"column":16}},"loc":{"start":{"line":11,"column":27},"end":{"line":13,"column":null}}},"3":{"name":"(anonymous_12)","decl":{"start":{"line":15,"column":8},"end":{"line":15,"column":15}},"loc":{"start":{"line":15,"column":34},"end":{"line":17,"column":null}}},"4":{"name":"(anonymous_14)","decl":{"start":{"line":19,"column":8},"end":{"line":19,"column":14}},"loc":{"start":{"line":19,"column":62},"end":{"line":21,"column":null}}},"5":{"name":"(anonymous_16)","decl":{"start":{"line":23,"column":8},"end":{"line":23,"column":14}},"loc":{"start":{"line":23,"column":43},"end":{"line":25,"column":null}}},"6":{"name":"(anonymous_18)","decl":{"start":{"line":27,"column":8},"end":{"line":27,"column":14}},"loc":{"start":{"line":27,"column":25},"end":{"line":29,"column":null}}}},"branchMap":{},"s":{"0":10,"1":0,"2":0,"3":0,"4":1,"5":3,"6":1,"7":1},"f":{"0":10,"1":0,"2":0,"3":0,"4":1,"5":3,"6":1},"b":{}}
,"/Users/segodnya/Desktop/pets/todo-express-htmx/backend/src/services/index.ts": {"path":"/Users/segodnya/Desktop/pets/todo-express-htmx/backend/src/services/index.ts","statementMap":{"0":{"start":{"line":1,"column":0},"end":{"line":1,"column":31}},"1":{"start":{"line":2,"column":0},"end":{"line":2,"column":31}},"2":{"start":{"line":3,"column":0},"end":{"line":3,"column":31}},"3":{"start":{"line":4,"column":0},"end":{"line":4,"column":31}}},"fnMap":{},"branchMap":{},"s":{"0":1,"1":1,"2":1,"3":1},"f":{},"b":{}}
,"/Users/segodnya/Desktop/pets/todo-express-htmx/backend/src/services/todo.service.ts": {"path":"/Users/segodnya/Desktop/pets/todo-express-htmx/backend/src/services/todo.service.ts","statementMap":{"0":{"start":{"line":2,"column":0},"end":{"line":2,"column":45}},"1":{"start":{"line":7,"column":4},"end":{"line":7,"column":26}},"2":{"start":{"line":6,"column":22},"end":{"line":6,"column":53}},"3":{"start":{"line":11,"column":4},"end":{"line":11,"column":52}},"4":{"start":{"line":15,"column":4},"end":{"line":15,"column":29}},"5":{"start":{"line":20,"column":17},"end":{"line":20,"column":66}},"6":{"start":{"line":21,"column":4},"end":{"line":23,"column":5}},"7":{"start":{"line":22,"column":6},"end":{"line":22,"column":18}},"8":{"start":{"line":26,"column":4},"end":{"line":26,"column":36}},"9":{"start":{"line":31,"column":17},"end":{"line":31,"column":66}},"10":{"start":{"line":32,"column":4},"end":{"line":34,"column":5}},"11":{"start":{"line":33,"column":6},"end":{"line":33,"column":18}},"12":{"start":{"line":37,"column":4},"end":{"line":37,"column":59}},"13":{"start":{"line":42,"column":17},"end":{"line":42,"column":66}},"14":{"start":{"line":43,"column":4},"end":{"line":45,"column":5}},"15":{"start":{"line":44,"column":6},"end":{"line":44,"column":19}},"16":{"start":{"line":48,"column":4},"end":{"line":48,"column":27}},"17":{"start":{"line":5,"column":0},"end":{"line":5,"column":13}}},"fnMap":{"0":{"name":"(anonymous_7)","decl":{"start":{"line":6,"column":2},"end":{"line":6,"column":22}},"loc":{"start":{"line":6,"column":53},"end":{"line":8,"column":3}}},"1":{"name":"(anonymous_8)","decl":{"start":{"line":10,"column":8},"end":{"line":10,"column":27}},"loc":{"start":{"line":10,"column":42},"end":{"line":12,"column":null}}},"2":{"name":"(anonymous_10)","decl":{"start":{"line":14,"column":8},"end":{"line":14,"column":18}},"loc":{"start":{"line":14,"column":38},"end":{"line":16,"column":null}}},"3":{"name":"(anonymous_12)","decl":{"start":{"line":18,"column":8},"end":{"line":18,"column":18}},"loc":{"start":{"line":18,"column":69},"end":{"line":27,"column":null}}},"4":{"name":"(anonymous_14)","decl":{"start":{"line":29,"column":8},"end":{"line":29,"column":28}},"loc":{"start":{"line":29,"column":55},"end":{"line":38,"column":null}}},"5":{"name":"(anonymous_16)","decl":{"start":{"line":40,"column":8},"end":{"line":40,"column":18}},"loc":{"start":{"line":40,"column":45},"end":{"line":49,"column":null}}}},"branchMap":{"0":{"loc":{"start":{"line":21,"column":4},"end":{"line":23,"column":5}},"type":"if","locations":[{"start":{"line":21,"column":4},"end":{"line":23,"column":5}}]},"1":{"loc":{"start":{"line":32,"column":4},"end":{"line":34,"column":5}},"type":"if","locations":[{"start":{"line":32,"column":4},"end":{"line":34,"column":5}}]},"2":{"loc":{"start":{"line":43,"column":4},"end":{"line":45,"column":5}},"type":"if","locations":[{"start":{"line":43,"column":4},"end":{"line":45,"column":5}}]}},"s":{"0":1,"1":10,"2":10,"3":2,"4":1,"5":2,"6":2,"7":1,"8":1,"9":3,"10":3,"11":1,"12":2,"13":2,"14":2,"15":1,"16":1,"17":1},"f":{"0":10,"1":2,"2":1,"3":2,"4":3,"5":2},"b":{"0":[1],"1":[1],"2":[1]}}
,"/Users/segodnya/Desktop/pets/todo-express-htmx/backend/src/services/user.service.ts": {"path":"/Users/segodnya/Desktop/pets/todo-express-htmx/backend/src/services/user.service.ts","statementMap":{"0":{"start":{"line":1,"column":0},"end":{"line":1,"column":28}},"1":{"start":{"line":3,"column":0},"end":{"line":3,"column":45}},"2":{"start":{"line":8,"column":4},"end":{"line":8,"column":26}},"3":{"start":{"line":7,"column":22},"end":{"line":7,"column":53}},"4":{"start":{"line":12,"column":4},"end":{"line":12,"column":50}},"5":{"start":{"line":17,"column":27},"end":{"line":17,"column":69}},"6":{"start":{"line":19,"column":4},"end":{"line":22,"column":7}},"7":{"start":{"line":26,"column":17},"end":{"line":26,"column":73}},"8":{"start":{"line":28,"column":4},"end":{"line":30,"column":5}},"9":{"start":{"line":29,"column":6},"end":{"line":29,"column":18}},"10":{"start":{"line":33,"column":28},"end":{"line":35,"column":null}},"11":{"start":{"line":38,"column":4},"end":{"line":38,"column":41}},"12":{"start":{"line":42,"column":23},"end":{"line":42,"column":25}},"13":{"start":{"line":43,"column":4},"end":{"line":43,"column":45}},"14":{"start":{"line":50,"column":4},"end":{"line":50,"column":52}},"15":{"start":{"line":6,"column":0},"end":{"line":6,"column":13}}},"fnMap":{"0":{"name":"(anonymous_8)","decl":{"start":{"line":7,"column":2},"end":{"line":7,"column":22}},"loc":{"start":{"line":7,"column":53},"end":{"line":9,"column":3}}},"1":{"name":"(anonymous_9)","decl":{"start":{"line":11,"column":8},"end":{"line":11,"column":19}},"loc":{"start":{"line":11,"column":33},"end":{"line":13,"column":null}}},"2":{"name":"(anonymous_11)","decl":{"start":{"line":15,"column":8},"end":{"line":15,"column":20}},"loc":{"start":{"line":15,"column":44},"end":{"line":23,"column":null}}},"3":{"name":"(anonymous_13)","decl":{"start":{"line":25,"column":8},"end":{"line":25,"column":24}},"loc":{"start":{"line":25,"column":50},"end":{"line":39,"column":null}}},"4":{"name":"(anonymous_15)","decl":{"start":{"line":41,"column":16},"end":{"line":41,"column":28}},"loc":{"start":{"line":41,"column":45},"end":{"line":44,"column":null}}},"5":{"name":"(anonymous_17)","decl":{"start":{"line":46,"column":16},"end":{"line":46,"column":31}},"loc":{"start":{"line":48,"column":26},"end":{"line":51,"column":null}}}},"branchMap":{"0":{"loc":{"start":{"line":28,"column":4},"end":{"line":30,"column":5}},"type":"if","locations":[{"start":{"line":28,"column":4},"end":{"line":30,"column":5}}]},"1":{"loc":{"start":{"line":38,"column":11},"end":{"line":38,"column":40}},"type":"cond-expr","locations":[{"start":{"line":38,"column":29},"end":{"line":38,"column":33}},{"start":{"line":38,"column":36},"end":{"line":38,"column":40}}]}},"s":{"0":1,"1":1,"2":0,"3":0,"4":0,"5":0,"6":0,"7":0,"8":0,"9":0,"10":0,"11":0,"12":0,"13":0,"14":0,"15":1},"f":{"0":0,"1":0,"2":0,"3":0,"4":0,"5":0},"b":{"0":[0],"1":[0,0]}}
,"/Users/segodnya/Desktop/pets/todo-express-htmx/backend/src/utils/responseUtils.ts": {"path":"/Users/segodnya/Desktop/pets/todo-express-htmx/backend/src/utils/responseUtils.ts","statementMap":{"0":{"start":{"line":5,"column":4},"end":{"line":5,"column":48}},"1":{"start":{"line":6,"column":4},"end":{"line":21,"column":7}},"2":{"start":{"line":25,"column":4},"end":{"line":25,"column":48}},"3":{"start":{"line":26,"column":4},"end":{"line":41,"column":7}},"4":{"start":{"line":45,"column":4},"end":{"line":45,"column":35}},"5":{"start":{"line":46,"column":4},"end":{"line":46,"column":26}},"6":{"start":{"line":50,"column":4},"end":{"line":52,"column":7}},"7":{"start":{"line":3,"column":0},"end":{"line":3,"column":13}}},"fnMap":{"0":{"name":"(anonymous_0)","decl":{"start":{"line":4,"column":2},"end":{"line":4,"column":8}},"loc":{"start":{"line":4,"column":67},"end":{"line":22,"column":3}}},"1":{"name":"(anonymous_1)","decl":{"start":{"line":24,"column":2},"end":{"line":24,"column":8}},"loc":{"start":{"line":24,"column":69},"end":{"line":42,"column":3}}},"2":{"name":"(anonymous_2)","decl":{"start":{"line":44,"column":2},"end":{"line":44,"column":8}},"loc":{"start":{"line":44,"column":52},"end":{"line":47,"column":3}}},"3":{"name":"(anonymous_3)","decl":{"start":{"line":49,"column":2},"end":{"line":49,"column":8}},"loc":{"start":{"line":49,"column":69},"end":{"line":53,"column":3}}}},"branchMap":{"0":{"loc":{"start":{"line":4,"column":55},"end":{"line":4,"column":67}},"type":"default-arg","locations":[{"start":{"line":4,"column":64},"end":{"line":4,"column":67}}]},"1":{"loc":{"start":{"line":24,"column":57},"end":{"line":24,"column":69}},"type":"default-arg","locations":[{"start":{"line":24,"column":66},"end":{"line":24,"column":69}}]},"2":{"loc":{"start":{"line":49,"column":57},"end":{"line":49,"column":69}},"type":"default-arg","locations":[{"start":{"line":49,"column":66},"end":{"line":49,"column":69}}]}},"s":{"0":2,"1":0,"2":0,"3":0,"4":0,"5":0,"6":0,"7":1},"f":{"0":2,"1":0,"2":0,"3":0},"b":{"0":[0],"1":[0],"2":[0]}}
}
