TN:
SF:src/__tests__/utils/testHelpers.ts
FN:26,(anonymous_0)
FN:51,(anonymous_1)
FN:55,(anonymous_2)
FN:59,(anonymous_3)
FN:63,(anonymous_4)
FN:67,(anonymous_5)
FN:85,(anonymous_6)
FN:100,(anonymous_7)
FN:107,(anonymous_8)
FN:114,(anonymous_9)
FNF:10
FNH:3
FNDA:2,(anonymous_0)
FNDA:0,(anonymous_1)
FNDA:0,(anonymous_2)
FNDA:0,(anonymous_3)
FNDA:0,(anonymous_4)
FNDA:0,(anonymous_5)
FNDA:2,(anonymous_6)
FNDA:0,(anonymous_7)
FNDA:28,(anonymous_8)
FNDA:0,(anonymous_9)
DA:26,2
DA:34,2
DA:41,2
DA:52,0
DA:53,0
DA:56,0
DA:57,0
DA:60,0
DA:61,0
DA:64,0
DA:65,0
DA:68,0
DA:69,0
DA:74,2
DA:85,2
DA:86,2
DA:88,2
DA:89,2
DA:90,2
DA:91,2
DA:92,2
DA:94,2
DA:100,2
DA:101,0
DA:107,2
DA:108,28
DA:114,2
DA:115,0
LF:28
LH:16
BRDA:27,0,0,0
BRDA:42,1,0,2
BRDA:42,1,1,0
BRDA:52,2,0,0
BRDA:56,3,0,0
BRDA:60,4,0,0
BRDA:64,5,0,0
BRDA:68,6,0,0
BRDA:75,7,0,2
BRDA:75,7,1,2
BRDA:76,8,0,2
BRDA:76,8,1,1
BRDA:77,9,0,2
BRDA:77,9,1,2
BRDA:101,10,0,0
BRDA:101,10,1,0
BRDA:101,11,0,0
BRDA:101,11,1,0
BRDA:114,12,0,0
BRF:19
BRH:7
end_of_record
TN:
SF:src/controllers/auth.controller.ts
FN:7,(anonymous_7)
FN:12,(anonymous_8)
FN:12,(anonymous_9)
FN:23,(anonymous_10)
FN:23,(anonymous_11)
FN:34,(anonymous_12)
FN:34,(anonymous_13)
FN:35,(anonymous_14)
FN:35,(anonymous_15)
FN:62,(anonymous_16)
FN:62,(anonymous_17)
FN:63,(anonymous_18)
FN:63,(anonymous_19)
FN:97,(anonymous_20)
FN:97,(anonymous_21)
FN:98,(anonymous_22)
FNF:16
FNH:0
FNDA:0,(anonymous_7)
FNDA:0,(anonymous_8)
FNDA:0,(anonymous_9)
FNDA:0,(anonymous_10)
FNDA:0,(anonymous_11)
FNDA:0,(anonymous_12)
FNDA:0,(anonymous_13)
FNDA:0,(anonymous_14)
FNDA:0,(anonymous_15)
FNDA:0,(anonymous_16)
FNDA:0,(anonymous_17)
FNDA:0,(anonymous_18)
FNDA:0,(anonymous_19)
FNDA:0,(anonymous_20)
FNDA:0,(anonymous_21)
FNDA:0,(anonymous_22)
DA:2,1
DA:6,1
DA:7,0
DA:8,0
DA:12,0
DA:13,0
DA:14,0
DA:16,0
DA:23,0
DA:24,0
DA:25,0
DA:27,0
DA:34,0
DA:35,0
DA:36,0
DA:39,0
DA:40,0
DA:43,0
DA:44,0
DA:46,0
DA:47,0
DA:51,0
DA:57,0
DA:62,0
DA:63,0
DA:64,0
DA:67,0
DA:68,0
DA:71,0
DA:72,0
DA:75,0
DA:76,0
DA:77,0
DA:80,0
DA:86,0
DA:88,0
DA:89,0
DA:91,0
DA:97,0
DA:98,0
DA:99,0
DA:100,0
DA:102,0
LF:43
LH:2
BRDA:13,0,0,0
BRDA:24,1,0,0
BRDA:39,2,0,0
BRDA:39,3,0,0
BRDA:39,3,1,0
BRDA:46,4,0,0
BRDA:67,5,0,0
BRDA:67,6,0,0
BRDA:67,6,1,0
BRDA:67,6,2,0
BRDA:71,7,0,0
BRDA:88,8,0,0
BRDA:99,9,0,0
BRF:13
BRH:0
end_of_record
TN:
SF:src/controllers/base.controller.ts
FN:5,(anonymous_7)
FN:22,(anonymous_9)
FN:26,(anonymous_10)
FN:30,(anonymous_11)
FN:34,(anonymous_12)
FN:38,(anonymous_13)
FN:42,(anonymous_14)
FNF:7
FNH:2
FNDA:2,(anonymous_7)
FNDA:2,(anonymous_9)
FNDA:0,(anonymous_10)
FNDA:0,(anonymous_11)
FNDA:0,(anonymous_12)
FNDA:0,(anonymous_13)
FNDA:0,(anonymous_14)
DA:2,1
DA:4,1
DA:10,2
DA:11,2
DA:13,2
DA:14,2
DA:15,2
DA:17,0
DA:23,2
DA:27,0
DA:31,0
DA:35,0
DA:39,0
DA:43,0
LF:14
LH:8
BRDA:14,0,0,2
BRDA:14,0,1,0
BRDA:22,1,0,2
BRF:3
BRH:2
end_of_record
TN:
SF:src/controllers/index.ts
FNF:0
FNH:0
DA:1,1
DA:2,1
DA:3,1
LF:3
LH:3
BRF:0
BRH:0
end_of_record
TN:
SF:src/controllers/todo.controller.ts
FN:7,(anonymous_7)
FN:11,(anonymous_8)
FN:11,(anonymous_9)
FN:12,(anonymous_10)
FN:12,(anonymous_11)
FN:22,(anonymous_12)
FN:22,(anonymous_13)
FN:23,(anonymous_14)
FN:23,(anonymous_15)
FN:42,(anonymous_16)
FN:42,(anonymous_17)
FN:43,(anonymous_18)
FN:43,(anonymous_19)
FN:58,(anonymous_20)
FN:58,(anonymous_21)
FN:59,(anonymous_22)
FN:59,(anonymous_23)
FN:73,(anonymous_24)
FN:73,(anonymous_25)
FN:74,(anonymous_26)
FN:74,(anonymous_27)
FNF:21
FNH:9
FNDA:2,(anonymous_7)
FNDA:1,(anonymous_8)
FNDA:1,(anonymous_9)
FNDA:1,(anonymous_10)
FNDA:1,(anonymous_11)
FNDA:1,(anonymous_12)
FNDA:1,(anonymous_13)
FNDA:1,(anonymous_14)
FNDA:1,(anonymous_15)
FNDA:0,(anonymous_16)
FNDA:0,(anonymous_17)
FNDA:0,(anonymous_18)
FNDA:0,(anonymous_19)
FNDA:0,(anonymous_20)
FNDA:0,(anonymous_21)
FNDA:0,(anonymous_22)
FNDA:0,(anonymous_23)
FNDA:0,(anonymous_24)
FNDA:0,(anonymous_25)
FNDA:0,(anonymous_26)
FNDA:0,(anonymous_27)
DA:2,1
DA:6,1
DA:7,2
DA:8,2
DA:11,2
DA:12,1
DA:13,1
DA:14,1
DA:15,0
DA:22,2
DA:23,1
DA:24,1
DA:25,1
DA:27,1
DA:28,0
DA:31,1
DA:37,0
DA:38,0
DA:42,2
DA:43,0
DA:44,0
DA:45,0
DA:46,0
DA:48,0
DA:50,0
DA:51,0
DA:54,0
DA:58,2
DA:59,0
DA:60,0
DA:61,0
DA:63,0
DA:65,0
DA:66,0
DA:69,0
DA:73,2
DA:74,0
DA:75,0
DA:76,0
DA:77,0
DA:79,0
DA:80,0
DA:83,0
LF:43
LH:17
BRDA:27,0,0,0
BRDA:50,1,0,0
BRDA:65,2,0,0
BRDA:79,3,0,0
BRF:4
BRH:0
end_of_record
TN:
SF:src/services/auth.service.ts
FN:5,(anonymous_7)
FN:7,(anonymous_8)
FN:18,(anonymous_10)
FNF:3
FNH:0
FNDA:0,(anonymous_7)
FNDA:0,(anonymous_8)
FNDA:0,(anonymous_10)
DA:4,1
DA:5,0
DA:9,0
DA:10,0
DA:11,0
DA:15,0
DA:19,0
LF:7
LH:1
BRDA:10,0,0,0
BRF:1
BRH:0
end_of_record
TN:
SF:src/services/base.service.ts
FN:5,(anonymous_7)
FN:7,(anonymous_8)
FN:11,(anonymous_10)
FN:15,(anonymous_12)
FN:19,(anonymous_14)
FN:23,(anonymous_16)
FN:27,(anonymous_18)
FNF:7
FNH:4
FNDA:10,(anonymous_7)
FNDA:0,(anonymous_8)
FNDA:0,(anonymous_10)
FNDA:0,(anonymous_12)
FNDA:1,(anonymous_14)
FNDA:3,(anonymous_16)
FNDA:1,(anonymous_18)
DA:4,1
DA:5,10
DA:8,0
DA:12,0
DA:16,0
DA:20,1
DA:24,3
DA:28,1
LF:8
LH:5
BRF:0
BRH:0
end_of_record
TN:
SF:src/services/index.ts
FNF:0
FNH:0
DA:1,1
DA:2,1
DA:3,1
DA:4,1
LF:4
LH:4
BRF:0
BRH:0
end_of_record
TN:
SF:src/services/todo.service.ts
FN:6,(anonymous_7)
FN:10,(anonymous_8)
FN:14,(anonymous_10)
FN:18,(anonymous_12)
FN:29,(anonymous_14)
FN:40,(anonymous_16)
FNF:6
FNH:6
FNDA:10,(anonymous_7)
FNDA:2,(anonymous_8)
FNDA:1,(anonymous_10)
FNDA:2,(anonymous_12)
FNDA:3,(anonymous_14)
FNDA:2,(anonymous_16)
DA:2,1
DA:5,1
DA:6,10
DA:7,10
DA:11,2
DA:15,1
DA:20,2
DA:21,2
DA:22,1
DA:26,1
DA:31,3
DA:32,3
DA:33,1
DA:37,2
DA:42,2
DA:43,2
DA:44,1
DA:48,1
LF:18
LH:18
BRDA:21,0,0,1
BRDA:32,1,0,1
BRDA:43,2,0,1
BRF:3
BRH:3
end_of_record
TN:
SF:src/services/user.service.ts
FN:7,(anonymous_8)
FN:11,(anonymous_9)
FN:15,(anonymous_11)
FN:25,(anonymous_13)
FN:41,(anonymous_15)
FN:46,(anonymous_17)
FNF:6
FNH:0
FNDA:0,(anonymous_8)
FNDA:0,(anonymous_9)
FNDA:0,(anonymous_11)
FNDA:0,(anonymous_13)
FNDA:0,(anonymous_15)
FNDA:0,(anonymous_17)
DA:1,1
DA:3,1
DA:6,1
DA:7,0
DA:8,0
DA:12,0
DA:17,0
DA:19,0
DA:26,0
DA:28,0
DA:29,0
DA:33,0
DA:38,0
DA:42,0
DA:43,0
DA:50,0
LF:16
LH:3
BRDA:28,0,0,0
BRDA:38,1,0,0
BRDA:38,1,1,0
BRF:3
BRH:0
end_of_record
TN:
SF:src/utils/responseUtils.ts
FN:4,(anonymous_0)
FN:24,(anonymous_1)
FN:44,(anonymous_2)
FN:49,(anonymous_3)
FNF:4
FNH:1
FNDA:2,(anonymous_0)
FNDA:0,(anonymous_1)
FNDA:0,(anonymous_2)
FNDA:0,(anonymous_3)
DA:3,1
DA:5,2
DA:6,0
DA:25,0
DA:26,0
DA:45,0
DA:46,0
DA:50,0
LF:8
LH:2
BRDA:4,0,0,0
BRDA:24,1,0,0
BRDA:49,2,0,0
BRF:3
BRH:0
end_of_record
